[0.120s] DEBUG:colcon:Command line arguments: ['/usr/bin/colcon', 'build']
[0.120s] DEBUG:colcon:Parsed command line arguments: Namespace(log_base=None, log_level=None, verb_name='build', build_base='build', install_base='install', merge_install=False, symlink_install=False, test_result_base=None, continue_on_error=False, executor='parallel', parallel_workers=8, event_handlers=None, ignore_user_meta=False, metas=['./colcon.meta'], base_paths=['.'], packages_ignore=None, packages_ignore_regex=None, paths=None, packages_up_to=None, packages_up_to_regex=None, packages_above=None, packages_above_and_dependencies=None, packages_above_depth=None, packages_select_by_dep=None, packages_skip_by_dep=None, packages_skip_up_to=None, packages_select_build_failed=False, packages_skip_build_finished=False, packages_select_test_failures=False, packages_skip_test_passed=False, packages_select=None, packages_skip=None, packages_select_regex=None, packages_skip_regex=None, packages_start=None, packages_end=None, allow_overriding=[], cmake_args=None, cmake_target=None, cmake_target_skip_unavailable=False, cmake_clean_cache=False, cmake_clean_first=False, cmake_force_configure=False, ament_cmake_args=None, catkin_cmake_args=None, catkin_skip_building_tests=False, mixin_files=None, mixin=None, verb_parser=<colcon_mixin.mixin.mixin_argument.MixinArgumentDecorator object at 0x742215533910>, verb_extension=<colcon_core.verb.build.BuildVerb object at 0x742215532cb0>, main=<bound method BuildVerb.main of <colcon_core.verb.build.BuildVerb object at 0x742215532cb0>>, mixin_verb=('build',))
[0.329s] Level 1:colcon.colcon_core.package_discovery:discover_packages(colcon_meta) check parameters
[0.330s] Level 1:colcon.colcon_core.package_discovery:discover_packages(recursive) check parameters
[0.330s] Level 1:colcon.colcon_core.package_discovery:discover_packages(ignore) check parameters
[0.330s] Level 1:colcon.colcon_core.package_discovery:discover_packages(path) check parameters
[0.330s] Level 1:colcon.colcon_core.package_discovery:discover_packages(colcon_meta) discover
[0.330s] Level 1:colcon.colcon_core.package_discovery:discover_packages(recursive) discover
[0.330s] INFO:colcon.colcon_core.package_discovery:Crawling recursively for packages in '/home/antwoor/stankin/ros_seminars_ws/seminar_3'
[0.330s] Level 1:colcon.colcon_core.package_identification:_identify(.) by extensions ['ignore', 'ignore_ament_install']
[0.330s] Level 1:colcon.colcon_core.package_identification:_identify(.) by extension 'ignore'
[0.330s] Level 1:colcon.colcon_core.package_identification:_identify(.) by extension 'ignore_ament_install'
[0.330s] Level 1:colcon.colcon_core.package_identification:_identify(.) by extensions ['colcon_pkg']
[0.330s] Level 1:colcon.colcon_core.package_identification:_identify(.) by extension 'colcon_pkg'
[0.331s] Level 1:colcon.colcon_core.package_identification:_identify(.) by extensions ['colcon_meta']
[0.331s] Level 1:colcon.colcon_core.package_identification:_identify(.) by extension 'colcon_meta'
[0.331s] Level 1:colcon.colcon_core.package_identification:_identify(.) by extensions ['ros']
[0.331s] Level 1:colcon.colcon_core.package_identification:_identify(.) by extension 'ros'
[0.351s] DEBUG:colcon.colcon_core.package_identification:Package '.' with type 'ros.ament_cmake' and name 'seminar_3'
[0.351s] Level 1:colcon.colcon_core.package_discovery:discover_packages(recursive) using defaults
[0.351s] Level 1:colcon.colcon_core.package_discovery:discover_packages(ignore) discover
[0.351s] Level 1:colcon.colcon_core.package_discovery:discover_packages(ignore) using defaults
[0.351s] Level 1:colcon.colcon_core.package_discovery:discover_packages(path) discover
[0.351s] Level 1:colcon.colcon_core.package_discovery:discover_packages(path) using defaults
[0.387s] Level 1:colcon.colcon_core.package_discovery:discover_packages(prefix_path) check parameters
[0.387s] Level 1:colcon.colcon_core.package_discovery:discover_packages(prefix_path) discover
[0.389s] DEBUG:colcon.colcon_installed_package_information.package_discovery:Found 2 installed packages in /home/antwoor/stankin/ros_seminars_ws/seminar_3/install
[0.391s] DEBUG:colcon.colcon_installed_package_information.package_discovery:Found 341 installed packages in /opt/ros/humble
[0.393s] Level 1:colcon.colcon_core.package_discovery:discover_packages(prefix_path) using defaults
[0.442s] Level 5:colcon.colcon_core.verb:set package 'seminar_3' build argument 'cmake_args' from command line to 'None'
[0.442s] Level 5:colcon.colcon_core.verb:set package 'seminar_3' build argument 'cmake_target' from command line to 'None'
[0.442s] Level 5:colcon.colcon_core.verb:set package 'seminar_3' build argument 'cmake_target_skip_unavailable' from command line to 'False'
[0.442s] Level 5:colcon.colcon_core.verb:set package 'seminar_3' build argument 'cmake_clean_cache' from command line to 'False'
[0.442s] Level 5:colcon.colcon_core.verb:set package 'seminar_3' build argument 'cmake_clean_first' from command line to 'False'
[0.442s] Level 5:colcon.colcon_core.verb:set package 'seminar_3' build argument 'cmake_force_configure' from command line to 'False'
[0.442s] Level 5:colcon.colcon_core.verb:set package 'seminar_3' build argument 'ament_cmake_args' from command line to 'None'
[0.442s] Level 5:colcon.colcon_core.verb:set package 'seminar_3' build argument 'catkin_cmake_args' from command line to 'None'
[0.442s] Level 5:colcon.colcon_core.verb:set package 'seminar_3' build argument 'catkin_skip_building_tests' from command line to 'False'
[0.442s] DEBUG:colcon.colcon_core.verb:Building package 'seminar_3' with the following arguments: {'ament_cmake_args': None, 'build_base': '/home/antwoor/stankin/ros_seminars_ws/seminar_3/build/seminar_3', 'catkin_cmake_args': None, 'catkin_skip_building_tests': False, 'cmake_args': None, 'cmake_clean_cache': False, 'cmake_clean_first': False, 'cmake_force_configure': False, 'cmake_target': None, 'cmake_target_skip_unavailable': False, 'install_base': '/home/antwoor/stankin/ros_seminars_ws/seminar_3/install/seminar_3', 'merge_install': False, 'path': '/home/antwoor/stankin/ros_seminars_ws/seminar_3', 'symlink_install': False, 'test_result_base': None}
[0.442s] INFO:colcon.colcon_core.executor:Executing jobs using 'parallel' executor
[0.444s] DEBUG:colcon.colcon_parallel_executor.executor.parallel:run_until_complete
[0.444s] INFO:colcon.colcon_ros.task.ament_cmake.build:Building ROS package in '/home/antwoor/stankin/ros_seminars_ws/seminar_3' with build type 'ament_cmake'
[0.444s] INFO:colcon.colcon_cmake.task.cmake.build:Building CMake package in '/home/antwoor/stankin/ros_seminars_ws/seminar_3'
[0.446s] INFO:colcon.colcon_core.plugin_system:Skipping extension 'colcon_core.shell.bat': Not used on non-Windows systems
[0.447s] INFO:colcon.colcon_core.shell:Skip shell extension 'powershell' for command environment: Not usable outside of PowerShell
[0.447s] DEBUG:colcon.colcon_core.shell:Skip shell extension 'dsv' for command environment
[0.462s] DEBUG:colcon.colcon_core.event_handler.log_command:Invoking command in '/home/antwoor/stankin/ros_seminars_ws/seminar_3/build/seminar_3': CMAKE_PREFIX_PATH=${CMAKE_PREFIX_PATH}:/opt/ros/humble CONDA_PROMPT_MODIFIER=(base) /home/antwoor/.local/bin/cmake --build /home/antwoor/stankin/ros_seminars_ws/seminar_3/build/seminar_3 -- -j8 -l8
[0.639s] DEBUG:colcon.colcon_core.event_handler.log_command:Invoked command in '/home/antwoor/stankin/ros_seminars_ws/seminar_3/build/seminar_3' returned '0': CMAKE_PREFIX_PATH=${CMAKE_PREFIX_PATH}:/opt/ros/humble CONDA_PROMPT_MODIFIER=(base) /home/antwoor/.local/bin/cmake --build /home/antwoor/stankin/ros_seminars_ws/seminar_3/build/seminar_3 -- -j8 -l8
[0.899s] DEBUG:colcon.colcon_core.event_handler.log_command:Invoking command in '/home/antwoor/stankin/ros_seminars_ws/seminar_3/build/seminar_3': CMAKE_PREFIX_PATH=${CMAKE_PREFIX_PATH}:/opt/ros/humble CONDA_PROMPT_MODIFIER=(base) /home/antwoor/.local/bin/cmake --install /home/antwoor/stankin/ros_seminars_ws/seminar_3/build/seminar_3
[1.000s] Level 1:colcon.colcon_core.environment:create_environment_scripts_only(seminar_3)
[1.001s] DEBUG:colcon.colcon_core.event_handler.log_command:Invoked command in '/home/antwoor/stankin/ros_seminars_ws/seminar_3/build/seminar_3' returned '0': CMAKE_PREFIX_PATH=${CMAKE_PREFIX_PATH}:/opt/ros/humble CONDA_PROMPT_MODIFIER=(base) /home/antwoor/.local/bin/cmake --install /home/antwoor/stankin/ros_seminars_ws/seminar_3/build/seminar_3
[1.006s] Level 1:colcon.colcon_core.environment:checking '/home/antwoor/stankin/ros_seminars_ws/seminar_3/install/seminar_3' for CMake module files
[1.007s] Level 1:colcon.colcon_core.environment:checking '/home/antwoor/stankin/ros_seminars_ws/seminar_3/install/seminar_3' for CMake config files
[1.008s] Level 1:colcon.colcon_core.shell:create_environment_hook('seminar_3', 'cmake_prefix_path')
[1.008s] INFO:colcon.colcon_core.shell:Creating environment hook '/home/antwoor/stankin/ros_seminars_ws/seminar_3/install/seminar_3/share/seminar_3/hook/cmake_prefix_path.ps1'
[1.010s] INFO:colcon.colcon_core.shell:Creating environment descriptor '/home/antwoor/stankin/ros_seminars_ws/seminar_3/install/seminar_3/share/seminar_3/hook/cmake_prefix_path.dsv'
[1.011s] INFO:colcon.colcon_core.shell:Creating environment hook '/home/antwoor/stankin/ros_seminars_ws/seminar_3/install/seminar_3/share/seminar_3/hook/cmake_prefix_path.sh'
[1.014s] Level 1:colcon.colcon_core.environment:checking '/home/antwoor/stankin/ros_seminars_ws/seminar_3/install/seminar_3/lib'
[1.014s] Level 1:colcon.colcon_core.environment:checking '/home/antwoor/stankin/ros_seminars_ws/seminar_3/install/seminar_3/bin'
[1.014s] Level 1:colcon.colcon_core.environment:checking '/home/antwoor/stankin/ros_seminars_ws/seminar_3/install/seminar_3/lib/pkgconfig/seminar_3.pc'
[1.015s] Level 1:colcon.colcon_core.environment:checking '/home/antwoor/stankin/ros_seminars_ws/seminar_3/install/seminar_3/lib/python3.10/site-packages'
[1.015s] Level 1:colcon.colcon_core.environment:checking '/home/antwoor/stankin/ros_seminars_ws/seminar_3/install/seminar_3/bin'
[1.016s] INFO:colcon.colcon_core.shell:Creating package script '/home/antwoor/stankin/ros_seminars_ws/seminar_3/install/seminar_3/share/seminar_3/package.ps1'
[1.018s] INFO:colcon.colcon_core.shell:Creating package descriptor '/home/antwoor/stankin/ros_seminars_ws/seminar_3/install/seminar_3/share/seminar_3/package.dsv'
[1.019s] INFO:colcon.colcon_core.shell:Creating package script '/home/antwoor/stankin/ros_seminars_ws/seminar_3/install/seminar_3/share/seminar_3/package.sh'
[1.021s] INFO:colcon.colcon_core.shell:Creating package script '/home/antwoor/stankin/ros_seminars_ws/seminar_3/install/seminar_3/share/seminar_3/package.bash'
[1.023s] INFO:colcon.colcon_core.shell:Creating package script '/home/antwoor/stankin/ros_seminars_ws/seminar_3/install/seminar_3/share/seminar_3/package.zsh'
[1.024s] Level 1:colcon.colcon_core.environment:create_file_with_runtime_dependencies(/home/antwoor/stankin/ros_seminars_ws/seminar_3/install/seminar_3/share/colcon-core/packages/seminar_3)
[1.188s] Level 1:colcon.colcon_core.environment:create_environment_scripts_only(seminar_3)
[1.189s] Level 1:colcon.colcon_core.environment:checking '/home/antwoor/stankin/ros_seminars_ws/seminar_3/install/seminar_3' for CMake module files
[1.190s] Level 1:colcon.colcon_core.environment:checking '/home/antwoor/stankin/ros_seminars_ws/seminar_3/install/seminar_3' for CMake config files
[1.191s] Level 1:colcon.colcon_core.shell:create_environment_hook('seminar_3', 'cmake_prefix_path')
[1.191s] INFO:colcon.colcon_core.shell:Creating environment hook '/home/antwoor/stankin/ros_seminars_ws/seminar_3/install/seminar_3/share/seminar_3/hook/cmake_prefix_path.ps1'
[1.193s] INFO:colcon.colcon_core.shell:Creating environment descriptor '/home/antwoor/stankin/ros_seminars_ws/seminar_3/install/seminar_3/share/seminar_3/hook/cmake_prefix_path.dsv'
[1.193s] INFO:colcon.colcon_core.shell:Creating environment hook '/home/antwoor/stankin/ros_seminars_ws/seminar_3/install/seminar_3/share/seminar_3/hook/cmake_prefix_path.sh'
[1.195s] Level 1:colcon.colcon_core.environment:checking '/home/antwoor/stankin/ros_seminars_ws/seminar_3/install/seminar_3/lib'
[1.195s] Level 1:colcon.colcon_core.environment:checking '/home/antwoor/stankin/ros_seminars_ws/seminar_3/install/seminar_3/bin'
[1.195s] Level 1:colcon.colcon_core.environment:checking '/home/antwoor/stankin/ros_seminars_ws/seminar_3/install/seminar_3/lib/pkgconfig/seminar_3.pc'
[1.196s] Level 1:colcon.colcon_core.environment:checking '/home/antwoor/stankin/ros_seminars_ws/seminar_3/install/seminar_3/lib/python3.10/site-packages'
[1.196s] Level 1:colcon.colcon_core.environment:checking '/home/antwoor/stankin/ros_seminars_ws/seminar_3/install/seminar_3/bin'
[1.197s] INFO:colcon.colcon_core.shell:Creating package script '/home/antwoor/stankin/ros_seminars_ws/seminar_3/install/seminar_3/share/seminar_3/package.ps1'
[1.198s] INFO:colcon.colcon_core.shell:Creating package descriptor '/home/antwoor/stankin/ros_seminars_ws/seminar_3/install/seminar_3/share/seminar_3/package.dsv'
[1.199s] INFO:colcon.colcon_core.shell:Creating package script '/home/antwoor/stankin/ros_seminars_ws/seminar_3/install/seminar_3/share/seminar_3/package.sh'
[1.200s] INFO:colcon.colcon_core.shell:Creating package script '/home/antwoor/stankin/ros_seminars_ws/seminar_3/install/seminar_3/share/seminar_3/package.bash'
[1.201s] INFO:colcon.colcon_core.shell:Creating package script '/home/antwoor/stankin/ros_seminars_ws/seminar_3/install/seminar_3/share/seminar_3/package.zsh'
[1.202s] Level 1:colcon.colcon_core.environment:create_file_with_runtime_dependencies(/home/antwoor/stankin/ros_seminars_ws/seminar_3/install/seminar_3/share/colcon-core/packages/seminar_3)
[1.203s] DEBUG:colcon.colcon_parallel_executor.executor.parallel:closing loop
[1.204s] DEBUG:colcon.colcon_parallel_executor.executor.parallel:loop closed
[1.204s] DEBUG:colcon.colcon_parallel_executor.executor.parallel:run_until_complete finished with '0'
[1.204s] DEBUG:colcon.colcon_core.event_reactor:joining thread
[1.216s] INFO:colcon.colcon_core.plugin_system:Skipping extension 'colcon_notification.desktop_notification.terminal_notifier': Not used on non-Darwin systems
[1.217s] INFO:colcon.colcon_core.plugin_system:Skipping extension 'colcon_notification.desktop_notification.win32': Not used on non-Windows systems
[1.217s] INFO:colcon.colcon_notification.desktop_notification:Sending desktop notification using 'notify2'
[1.238s] DEBUG:colcon.colcon_core.event_reactor:joined thread
[1.239s] INFO:colcon.colcon_core.shell:Creating prefix script '/home/antwoor/stankin/ros_seminars_ws/seminar_3/install/local_setup.ps1'
[1.242s] INFO:colcon.colcon_core.shell:Creating prefix util module '/home/antwoor/stankin/ros_seminars_ws/seminar_3/install/_local_setup_util_ps1.py'
[1.246s] INFO:colcon.colcon_core.shell:Creating prefix chain script '/home/antwoor/stankin/ros_seminars_ws/seminar_3/install/setup.ps1'
[1.249s] INFO:colcon.colcon_core.shell:Creating prefix script '/home/antwoor/stankin/ros_seminars_ws/seminar_3/install/local_setup.sh'
[1.250s] INFO:colcon.colcon_core.shell:Creating prefix util module '/home/antwoor/stankin/ros_seminars_ws/seminar_3/install/_local_setup_util_sh.py'
[1.252s] INFO:colcon.colcon_core.shell:Creating prefix chain script '/home/antwoor/stankin/ros_seminars_ws/seminar_3/install/setup.sh'
[1.254s] INFO:colcon.colcon_core.shell:Creating prefix script '/home/antwoor/stankin/ros_seminars_ws/seminar_3/install/local_setup.bash'
[1.255s] INFO:colcon.colcon_core.shell:Creating prefix chain script '/home/antwoor/stankin/ros_seminars_ws/seminar_3/install/setup.bash'
[1.258s] INFO:colcon.colcon_core.shell:Creating prefix script '/home/antwoor/stankin/ros_seminars_ws/seminar_3/install/local_setup.zsh'
[1.259s] INFO:colcon.colcon_core.shell:Creating prefix chain script '/home/antwoor/stankin/ros_seminars_ws/seminar_3/install/setup.zsh'
