[0.017s] Invoking command in '/home/antwoor/stankin/ros_seminars_ws/seminar_3/build/seminar_3': CMAKE_PREFIX_PATH=${CMAKE_PREFIX_PATH}:/opt/ros/humble CONDA_PROMPT_MODIFIER=(base) /home/antwoor/.local/bin/cmake --build /home/antwoor/stankin/ros_seminars_ws/seminar_3/build/seminar_3 -- -j8 -l8
[0.161s] [ 63%] Built target turtle_cmd_pub
[0.161s] [ 63%] Built target task1_spiral
[0.162s] [100%] Built target task1_circle
[0.185s] Invoked command in '/home/antwoor/stankin/ros_seminars_ws/seminar_3/build/seminar_3' returned '0': CMAKE_PREFIX_PATH=${CMAKE_PREFIX_PATH}:/opt/ros/humble CONDA_PROMPT_MODIFIER=(base) /home/antwoor/.local/bin/cmake --build /home/antwoor/stankin/ros_seminars_ws/seminar_3/build/seminar_3 -- -j8 -l8
[0.499s] Invoking command in '/home/antwoor/stankin/ros_seminars_ws/seminar_3/build/seminar_3': CMAKE_PREFIX_PATH=${CMAKE_PREFIX_PATH}:/opt/ros/humble CONDA_PROMPT_MODIFIER=(base) /home/antwoor/.local/bin/cmake --install /home/antwoor/stankin/ros_seminars_ws/seminar_3/build/seminar_3
[0.584s] -- Install configuration: ""
[0.584s] -- Up-to-date: /home/antwoor/stankin/ros_seminars_ws/seminar_3/install/seminar_3/lib/seminar_3/task1_spiral
[0.585s] -- Up-to-date: /home/antwoor/stankin/ros_seminars_ws/seminar_3/install/seminar_3/lib/seminar_3/task1_circle
[0.586s] -- Up-to-date: /home/antwoor/stankin/ros_seminars_ws/seminar_3/install/seminar_3/lib/seminar_3/turtle_cmd_pub
[0.587s] -- Up-to-date: /home/antwoor/stankin/ros_seminars_ws/seminar_3/install/seminar_3/share/seminar_3/launch
[0.587s] -- Up-to-date: /home/antwoor/stankin/ros_seminars_ws/seminar_3/install/seminar_3/share/seminar_3/launch/task_2.launch.py
[0.587s] -- Up-to-date: /home/antwoor/stankin/ros_seminars_ws/seminar_3/install/seminar_3/share/seminar_3/launch/turtle3.launch.py
[0.587s] -- Installing: /home/antwoor/stankin/ros_seminars_ws/seminar_3/install/seminar_3/share/seminar_3/launch/task_3.launch.py
[0.588s] -- Up-to-date: /home/antwoor/stankin/ros_seminars_ws/seminar_3/install/seminar_3/share/ament_index/resource_index/package_run_dependencies/seminar_3
[0.588s] -- Up-to-date: /home/antwoor/stankin/ros_seminars_ws/seminar_3/install/seminar_3/share/ament_index/resource_index/parent_prefix_path/seminar_3
[0.588s] -- Up-to-date: /home/antwoor/stankin/ros_seminars_ws/seminar_3/install/seminar_3/share/seminar_3/environment/ament_prefix_path.sh
[0.588s] -- Up-to-date: /home/antwoor/stankin/ros_seminars_ws/seminar_3/install/seminar_3/share/seminar_3/environment/ament_prefix_path.dsv
[0.588s] -- Up-to-date: /home/antwoor/stankin/ros_seminars_ws/seminar_3/install/seminar_3/share/seminar_3/environment/path.sh
[0.588s] -- Up-to-date: /home/antwoor/stankin/ros_seminars_ws/seminar_3/install/seminar_3/share/seminar_3/environment/path.dsv
[0.589s] -- Up-to-date: /home/antwoor/stankin/ros_seminars_ws/seminar_3/install/seminar_3/share/seminar_3/local_setup.bash
[0.589s] -- Up-to-date: /home/antwoor/stankin/ros_seminars_ws/seminar_3/install/seminar_3/share/seminar_3/local_setup.sh
[0.589s] -- Up-to-date: /home/antwoor/stankin/ros_seminars_ws/seminar_3/install/seminar_3/share/seminar_3/local_setup.zsh
[0.589s] -- Up-to-date: /home/antwoor/stankin/ros_seminars_ws/seminar_3/install/seminar_3/share/seminar_3/local_setup.dsv
[0.589s] -- Installing: /home/antwoor/stankin/ros_seminars_ws/seminar_3/install/seminar_3/share/seminar_3/package.dsv
[0.589s] -- Up-to-date: /home/antwoor/stankin/ros_seminars_ws/seminar_3/install/seminar_3/share/ament_index/resource_index/packages/seminar_3
[0.589s] -- Up-to-date: /home/antwoor/stankin/ros_seminars_ws/seminar_3/install/seminar_3/share/seminar_3/cmake/seminar_3Config.cmake
[0.589s] -- Up-to-date: /home/antwoor/stankin/ros_seminars_ws/seminar_3/install/seminar_3/share/seminar_3/cmake/seminar_3Config-version.cmake
[0.589s] -- Up-to-date: /home/antwoor/stankin/ros_seminars_ws/seminar_3/install/seminar_3/share/seminar_3/package.xml
[0.608s] Invoked command in '/home/antwoor/stankin/ros_seminars_ws/seminar_3/build/seminar_3' returned '0': CMAKE_PREFIX_PATH=${CMAKE_PREFIX_PATH}:/opt/ros/humble CONDA_PROMPT_MODIFIER=(base) /home/antwoor/.local/bin/cmake --install /home/antwoor/stankin/ros_seminars_ws/seminar_3/build/seminar_3
