[0.016s] Invoking command in '/home/antwoor/stankin/ros_seminars_ws/seminar_3/build/Seminar_3': CMAKE_PREFIX_PATH=/opt/ros/humble CONDA_PROMPT_MODIFIER=(base) /home/antwoor/.local/bin/cmake /home/antwoor/stankin/ros_seminars_ws/seminar_3 -DCMAKE_INSTALL_PREFIX=/home/antwoor/stankin/ros_seminars_ws/seminar_3/install/Seminar_3
[0.368s] -- The C compiler identification is GNU 11.4.0
[0.546s] -- The CXX compiler identification is GNU 11.4.0
[0.590s] -- Detecting C compiler ABI info
[0.726s] -- Detecting C compiler ABI info - done
[0.777s] -- Check for working C compiler: /usr/bin/cc - skipped
[0.777s] -- Detecting C compile features
[0.778s] -- Detecting C compile features - done
[0.784s] -- Detecting CXX compiler ABI info
[0.892s] -- Detecting CXX compiler ABI info - done
[0.943s] -- Check for working CXX compiler: /usr/bin/c++ - skipped
[0.943s] -- Detecting CXX compile features
[0.944s] -- Detecting CXX compile features - done
[0.951s] -- Found ament_cmake: 1.3.10 (/opt/ros/humble/share/ament_cmake/cmake)
[1.134s] -- Found Python3: /home/antwoor/miniconda3/bin/python3 (found version "3.12.1") found components: Interpreter
[1.337s] -- Found rclcpp: 16.0.10 (/opt/ros/humble/share/rclcpp/cmake)
[1.423s] -- Found rosidl_generator_c: 3.1.5 (/opt/ros/humble/share/rosidl_generator_c/cmake)
[1.433s] -- Found rosidl_adapter: 3.1.5 (/opt/ros/humble/share/rosidl_adapter/cmake)
[1.450s] -- Found rosidl_generator_cpp: 3.1.5 (/opt/ros/humble/share/rosidl_generator_cpp/cmake)
[1.474s] -- Using all available rosidl_typesupport_c: rosidl_typesupport_fastrtps_c;rosidl_typesupport_introspection_c
[1.504s] -- Using all available rosidl_typesupport_cpp: rosidl_typesupport_fastrtps_cpp;rosidl_typesupport_introspection_cpp
[1.597s] -- Found rmw_implementation_cmake: 6.1.2 (/opt/ros/humble/share/rmw_implementation_cmake/cmake)
[1.603s] -- Found rmw_fastrtps_cpp: 6.2.7 (/opt/ros/humble/share/rmw_fastrtps_cpp/cmake)
[1.804s] -- Found OpenSSL: /usr/lib/x86_64-linux-gnu/libcrypto.so (found version "3.0.2")
[1.866s] -- Found FastRTPS: /opt/ros/humble/include
[1.934s] -- Using RMW implementation 'rmw_fastrtps_cpp' as default
[1.951s] -- Performing Test CMAKE_HAVE_LIBC_PTHREAD
[2.072s] -- Performing Test CMAKE_HAVE_LIBC_PTHREAD - Success
[2.076s] -- Found Threads: TRUE
[2.211s] -- Found geometry_msgs: 4.2.4 (/opt/ros/humble/share/geometry_msgs/cmake)
[2.346s] WARNING: Package name "Seminar_3" does not follow the naming conventions. It should start with a lower case letter and only contain lower case letters, digits, underscores, and dashes.
[2.364s] [31mCMake Error at /opt/ros/humble/share/ament_cmake_core/cmake/core/ament_package_xml.cmake:53 (message):
[2.364s]   ament_package_xml() package name 'Seminar_3' in '/package.xml' does not
[2.364s]   match current PROJECT_NAME 'module_2_assignment'.  You must call project()
[2.364s]   with the same package name before.
[2.365s] Call Stack (most recent call first):
[2.365s]   /opt/ros/humble/share/ament_cmake_core/cmake/core/ament_package.cmake:63 (ament_package_xml)
[2.365s]   CMakeLists.txt:34 (ament_package)
[2.365s] 
[2.365s] [0m
[2.365s] -- Configuring incomplete, errors occurred!
[2.409s] Invoked command in '/home/antwoor/stankin/ros_seminars_ws/seminar_3/build/Seminar_3' returned '1': CMAKE_PREFIX_PATH=/opt/ros/humble CONDA_PROMPT_MODIFIER=(base) /home/antwoor/.local/bin/cmake /home/antwoor/stankin/ros_seminars_ws/seminar_3 -DCMAKE_INSTALL_PREFIX=/home/antwoor/stankin/ros_seminars_ws/seminar_3/install/Seminar_3
