-- The C compiler identification is GNU 11.4.0
-- The CXX compiler identification is GNU 11.4.0
-- Detecting C compiler ABI info
-- Detecting C compiler ABI info - done
-- Check for working C compiler: /usr/bin/cc - skipped
-- Detecting C compile features
-- Detecting C compile features - done
-- Detecting CXX compiler ABI info
-- Detecting CXX compiler ABI info - done
-- Check for working CXX compiler: /usr/bin/c++ - skipped
-- Detecting CXX compile features
-- Detecting CXX compile features - done
-- Found ament_cmake: 1.3.10 (/opt/ros/humble/share/ament_cmake/cmake)
-- Found Python3: /home/antwoor/miniconda3/bin/python3 (found version "3.12.1") found components: Interpreter
-- Found rclcpp: 16.0.10 (/opt/ros/humble/share/rclcpp/cmake)
-- Found rosidl_generator_c: 3.1.5 (/opt/ros/humble/share/rosidl_generator_c/cmake)
-- Found rosidl_adapter: 3.1.5 (/opt/ros/humble/share/rosidl_adapter/cmake)
-- Found rosidl_generator_cpp: 3.1.5 (/opt/ros/humble/share/rosidl_generator_cpp/cmake)
-- Using all available rosidl_typesupport_c: rosidl_typesupport_fastrtps_c;rosidl_typesupport_introspection_c
-- Using all available rosidl_typesupport_cpp: rosidl_typesupport_fastrtps_cpp;rosidl_typesupport_introspection_cpp
-- Found rmw_implementation_cmake: 6.1.2 (/opt/ros/humble/share/rmw_implementation_cmake/cmake)
-- Found rmw_fastrtps_cpp: 6.2.7 (/opt/ros/humble/share/rmw_fastrtps_cpp/cmake)
-- Found OpenSSL: /usr/lib/x86_64-linux-gnu/libcrypto.so (found version "3.0.2")
-- Found FastRTPS: /opt/ros/humble/include
-- Using RMW implementation 'rmw_fastrtps_cpp' as default
-- Performing Test CMAKE_HAVE_LIBC_PTHREAD
-- Performing Test CMAKE_HAVE_LIBC_PTHREAD - Success
-- Found Threads: TRUE
-- Found geometry_msgs: 4.2.4 (/opt/ros/humble/share/geometry_msgs/cmake)
-- Configuring done (1.7s)
-- Generating done (0.0s)
-- Build files have been written to: /home/antwoor/stankin/ros_seminars_ws/seminar_3/build/seminar_3
[ 36%] [32mBuilding CXX object CMakeFiles/task1_spiral.dir/src/task_1/turtle_pub.cpp.o[0m
[ 36%] [32mBuilding CXX object CMakeFiles/task1_spiral.dir/src/task_1/turtle_spiral.cpp.o[0m
[ 36%] [32mBuilding CXX object CMakeFiles/task1_circle.dir/src/task_1/turtle_pub.cpp.o[0m
[ 45%] [32mBuilding CXX object CMakeFiles/task1_spiral.dir/src/task_1/ln_spiral.cpp.o[0m
[ 36%] [32mBuilding CXX object CMakeFiles/task1_circle.dir/src/task_1/turtle_circle.cpp.o[0m
[ 54%] [32mBuilding CXX object CMakeFiles/task1_circle.dir/src/task_1/circle.cpp.o[0m
[ 63%] [32mBuilding CXX object CMakeFiles/turtle_cmd_pub.dir/src/task_1/sin.cpp.o[0m
[ 72%] [32mBuilding CXX object CMakeFiles/turtle_cmd_pub.dir/src/task_1/turtle_pub.cpp.o[0m
[ 81%] [32m[1mLinking CXX executable task1_spiral[0m
[ 90%] [32m[1mLinking CXX executable turtle_cmd_pub[0m
[100%] [32m[1mLinking CXX executable task1_circle[0m
[100%] Built target task1_spiral
[100%] Built target turtle_cmd_pub
[100%] Built target task1_circle
-- Install configuration: ""
-- Installing: /home/antwoor/stankin/ros_seminars_ws/seminar_3/install/seminar_3/lib/seminar_3/task1_spiral
-- Set non-toolchain portion of runtime path of "/home/antwoor/stankin/ros_seminars_ws/seminar_3/install/seminar_3/lib/seminar_3/task1_spiral" to ""
-- Installing: /home/antwoor/stankin/ros_seminars_ws/seminar_3/install/seminar_3/lib/seminar_3/task1_circle
-- Set non-toolchain portion of runtime path of "/home/antwoor/stankin/ros_seminars_ws/seminar_3/install/seminar_3/lib/seminar_3/task1_circle" to ""
-- Installing: /home/antwoor/stankin/ros_seminars_ws/seminar_3/install/seminar_3/lib/seminar_3/turtle_cmd_pub
-- Set non-toolchain portion of runtime path of "/home/antwoor/stankin/ros_seminars_ws/seminar_3/install/seminar_3/lib/seminar_3/turtle_cmd_pub" to ""
-- Installing: /home/antwoor/stankin/ros_seminars_ws/seminar_3/install/seminar_3/share/seminar_3/launch
-- Installing: /home/antwoor/stankin/ros_seminars_ws/seminar_3/install/seminar_3/share/seminar_3/launch/task_2.launch.py
-- Installing: /home/antwoor/stankin/ros_seminars_ws/seminar_3/install/seminar_3/share/seminar_3/launch/turtle3.launch.py
-- Installing: /home/antwoor/stankin/ros_seminars_ws/seminar_3/install/seminar_3/share/seminar_3/launch/task_3.launch.py
-- Installing: /home/antwoor/stankin/ros_seminars_ws/seminar_3/install/seminar_3/share/ament_index/resource_index/package_run_dependencies/seminar_3
-- Installing: /home/antwoor/stankin/ros_seminars_ws/seminar_3/install/seminar_3/share/ament_index/resource_index/parent_prefix_path/seminar_3
-- Installing: /home/antwoor/stankin/ros_seminars_ws/seminar_3/install/seminar_3/share/seminar_3/environment/ament_prefix_path.sh
-- Installing: /home/antwoor/stankin/ros_seminars_ws/seminar_3/install/seminar_3/share/seminar_3/environment/ament_prefix_path.dsv
-- Installing: /home/antwoor/stankin/ros_seminars_ws/seminar_3/install/seminar_3/share/seminar_3/environment/path.sh
-- Installing: /home/antwoor/stankin/ros_seminars_ws/seminar_3/install/seminar_3/share/seminar_3/environment/path.dsv
-- Installing: /home/antwoor/stankin/ros_seminars_ws/seminar_3/install/seminar_3/share/seminar_3/local_setup.bash
-- Installing: /home/antwoor/stankin/ros_seminars_ws/seminar_3/install/seminar_3/share/seminar_3/local_setup.sh
-- Installing: /home/antwoor/stankin/ros_seminars_ws/seminar_3/install/seminar_3/share/seminar_3/local_setup.zsh
-- Installing: /home/antwoor/stankin/ros_seminars_ws/seminar_3/install/seminar_3/share/seminar_3/local_setup.dsv
-- Installing: /home/antwoor/stankin/ros_seminars_ws/seminar_3/install/seminar_3/share/seminar_3/package.dsv
-- Installing: /home/antwoor/stankin/ros_seminars_ws/seminar_3/install/seminar_3/share/ament_index/resource_index/packages/seminar_3
-- Installing: /home/antwoor/stankin/ros_seminars_ws/seminar_3/install/seminar_3/share/seminar_3/cmake/seminar_3Config.cmake
-- Installing: /home/antwoor/stankin/ros_seminars_ws/seminar_3/install/seminar_3/share/seminar_3/cmake/seminar_3Config-version.cmake
-- Installing: /home/antwoor/stankin/ros_seminars_ws/seminar_3/install/seminar_3/share/seminar_3/package.xml
