[0.015s] Invoking command in '/home/antwoor/stankin/ros_seminars_ws/seminar_3/build/seminar_3': CMAKE_PREFIX_PATH=/opt/ros/humble CONDA_PROMPT_MODIFIER=(base) /home/antwoor/.local/bin/cmake /home/antwoor/stankin/ros_seminars_ws/seminar_3 -DCMAKE_INSTALL_PREFIX=/home/antwoor/stankin/ros_seminars_ws/seminar_3/install/seminar_3
[0.204s] -- The C compiler identification is GNU 11.4.0
[0.322s] -- The CXX compiler identification is GNU 11.4.0
[0.343s] -- Detecting C compiler ABI info
[0.432s] -- Detecting C compiler ABI info - done
[0.454s] -- Check for working C compiler: /usr/bin/cc - skipped
[0.454s] -- Detecting C compile features
[0.455s] -- Detecting C compile features - done
[0.460s] -- Detecting CXX compiler ABI info
[0.567s] -- Detecting CXX compiler ABI info - done
[0.595s] -- Check for working CXX compiler: /usr/bin/c++ - skipped
[0.595s] -- Detecting CXX compile features
[0.596s] -- Detecting CXX compile features - done
[0.600s] -- Found ament_cmake: 1.3.10 (/opt/ros/humble/share/ament_cmake/cmake)
[0.774s] -- Found Python3: /home/antwoor/miniconda3/bin/python3 (found version "3.12.1") found components: Interpreter
[0.935s] -- Found rclcpp: 16.0.10 (/opt/ros/humble/share/rclcpp/cmake)
[1.004s] -- Found rosidl_generator_c: 3.1.5 (/opt/ros/humble/share/rosidl_generator_c/cmake)
[1.012s] -- Found rosidl_adapter: 3.1.5 (/opt/ros/humble/share/rosidl_adapter/cmake)
[1.024s] -- Found rosidl_generator_cpp: 3.1.5 (/opt/ros/humble/share/rosidl_generator_cpp/cmake)
[1.043s] -- Using all available rosidl_typesupport_c: rosidl_typesupport_fastrtps_c;rosidl_typesupport_introspection_c
[1.067s] -- Using all available rosidl_typesupport_cpp: rosidl_typesupport_fastrtps_cpp;rosidl_typesupport_introspection_cpp
[1.132s] -- Found rmw_implementation_cmake: 6.1.2 (/opt/ros/humble/share/rmw_implementation_cmake/cmake)
[1.136s] -- Found rmw_fastrtps_cpp: 6.2.7 (/opt/ros/humble/share/rmw_fastrtps_cpp/cmake)
[1.302s] -- Found OpenSSL: /usr/lib/x86_64-linux-gnu/libcrypto.so (found version "3.0.2")
[1.355s] -- Found FastRTPS: /opt/ros/humble/include
[1.425s] -- Using RMW implementation 'rmw_fastrtps_cpp' as default
[1.440s] -- Performing Test CMAKE_HAVE_LIBC_PTHREAD
[1.536s] -- Performing Test CMAKE_HAVE_LIBC_PTHREAD - Success
[1.538s] -- Found Threads: TRUE
[1.629s] -- Found geometry_msgs: 4.2.4 (/opt/ros/humble/share/geometry_msgs/cmake)
[1.781s] -- Configuring done (1.7s)
[1.809s] -- Generating done (0.0s)
[1.813s] -- Build files have been written to: /home/antwoor/stankin/ros_seminars_ws/seminar_3/build/seminar_3
[1.850s] Invoked command in '/home/antwoor/stankin/ros_seminars_ws/seminar_3/build/seminar_3' returned '0': CMAKE_PREFIX_PATH=/opt/ros/humble CONDA_PROMPT_MODIFIER=(base) /home/antwoor/.local/bin/cmake /home/antwoor/stankin/ros_seminars_ws/seminar_3 -DCMAKE_INSTALL_PREFIX=/home/antwoor/stankin/ros_seminars_ws/seminar_3/install/seminar_3
[1.853s] Invoking command in '/home/antwoor/stankin/ros_seminars_ws/seminar_3/build/seminar_3': CMAKE_PREFIX_PATH=/opt/ros/humble CONDA_PROMPT_MODIFIER=(base) /home/antwoor/.local/bin/cmake --build /home/antwoor/stankin/ros_seminars_ws/seminar_3/build/seminar_3 -- -j8 -l8
[1.985s] [ 36%] [32mBuilding CXX object CMakeFiles/task1_spiral.dir/src/task_1/turtle_pub.cpp.o[0m
[1.986s] [ 36%] [32mBuilding CXX object CMakeFiles/task1_spiral.dir/src/task_1/turtle_spiral.cpp.o[0m
[1.986s] [ 36%] [32mBuilding CXX object CMakeFiles/task1_circle.dir/src/task_1/turtle_pub.cpp.o[0m
[1.986s] [ 45%] [32mBuilding CXX object CMakeFiles/task1_spiral.dir/src/task_1/ln_spiral.cpp.o[0m
[1.986s] [ 36%] [32mBuilding CXX object CMakeFiles/task1_circle.dir/src/task_1/turtle_circle.cpp.o[0m
[1.987s] [ 54%] [32mBuilding CXX object CMakeFiles/task1_circle.dir/src/task_1/circle.cpp.o[0m
[1.990s] [ 63%] [32mBuilding CXX object CMakeFiles/turtle_cmd_pub.dir/src/task_1/sin.cpp.o[0m
[1.990s] [ 72%] [32mBuilding CXX object CMakeFiles/turtle_cmd_pub.dir/src/task_1/turtle_pub.cpp.o[0m
[11.162s] [ 81%] [32m[1mLinking CXX executable task1_spiral[0m
[11.372s] [ 90%] [32m[1mLinking CXX executable turtle_cmd_pub[0m
[11.497s] [100%] [32m[1mLinking CXX executable task1_circle[0m
[11.590s] [100%] Built target task1_spiral
[11.709s] [100%] Built target turtle_cmd_pub
[11.823s] [100%] Built target task1_circle
[11.860s] Invoked command in '/home/antwoor/stankin/ros_seminars_ws/seminar_3/build/seminar_3' returned '0': CMAKE_PREFIX_PATH=/opt/ros/humble CONDA_PROMPT_MODIFIER=(base) /home/antwoor/.local/bin/cmake --build /home/antwoor/stankin/ros_seminars_ws/seminar_3/build/seminar_3 -- -j8 -l8
[12.168s] Invoking command in '/home/antwoor/stankin/ros_seminars_ws/seminar_3/build/seminar_3': CMAKE_PREFIX_PATH=/opt/ros/humble CONDA_PROMPT_MODIFIER=(base) /home/antwoor/.local/bin/cmake --install /home/antwoor/stankin/ros_seminars_ws/seminar_3/build/seminar_3
[12.256s] -- Install configuration: ""
[12.256s] -- Installing: /home/antwoor/stankin/ros_seminars_ws/seminar_3/install/seminar_3/lib/seminar_3/task1_spiral
[12.260s] -- Set non-toolchain portion of runtime path of "/home/antwoor/stankin/ros_seminars_ws/seminar_3/install/seminar_3/lib/seminar_3/task1_spiral" to ""
[12.260s] -- Installing: /home/antwoor/stankin/ros_seminars_ws/seminar_3/install/seminar_3/lib/seminar_3/task1_circle
[12.264s] -- Set non-toolchain portion of runtime path of "/home/antwoor/stankin/ros_seminars_ws/seminar_3/install/seminar_3/lib/seminar_3/task1_circle" to ""
[12.264s] -- Installing: /home/antwoor/stankin/ros_seminars_ws/seminar_3/install/seminar_3/lib/seminar_3/turtle_cmd_pub
[12.267s] -- Set non-toolchain portion of runtime path of "/home/antwoor/stankin/ros_seminars_ws/seminar_3/install/seminar_3/lib/seminar_3/turtle_cmd_pub" to ""
[12.267s] -- Installing: /home/antwoor/stankin/ros_seminars_ws/seminar_3/install/seminar_3/share/seminar_3/launch
[12.267s] -- Installing: /home/antwoor/stankin/ros_seminars_ws/seminar_3/install/seminar_3/share/seminar_3/launch/task_2.launch.py
[12.267s] -- Installing: /home/antwoor/stankin/ros_seminars_ws/seminar_3/install/seminar_3/share/seminar_3/launch/turtle3.launch.py
[12.268s] -- Installing: /home/antwoor/stankin/ros_seminars_ws/seminar_3/install/seminar_3/share/seminar_3/launch/task_3.launch.py
[12.268s] -- Installing: /home/antwoor/stankin/ros_seminars_ws/seminar_3/install/seminar_3/share/ament_index/resource_index/package_run_dependencies/seminar_3
[12.268s] -- Installing: /home/antwoor/stankin/ros_seminars_ws/seminar_3/install/seminar_3/share/ament_index/resource_index/parent_prefix_path/seminar_3
[12.268s] -- Installing: /home/antwoor/stankin/ros_seminars_ws/seminar_3/install/seminar_3/share/seminar_3/environment/ament_prefix_path.sh
[12.269s] -- Installing: /home/antwoor/stankin/ros_seminars_ws/seminar_3/install/seminar_3/share/seminar_3/environment/ament_prefix_path.dsv
[12.269s] -- Installing: /home/antwoor/stankin/ros_seminars_ws/seminar_3/install/seminar_3/share/seminar_3/environment/path.sh
[12.269s] -- Installing: /home/antwoor/stankin/ros_seminars_ws/seminar_3/install/seminar_3/share/seminar_3/environment/path.dsv
[12.269s] -- Installing: /home/antwoor/stankin/ros_seminars_ws/seminar_3/install/seminar_3/share/seminar_3/local_setup.bash
[12.270s] -- Installing: /home/antwoor/stankin/ros_seminars_ws/seminar_3/install/seminar_3/share/seminar_3/local_setup.sh
[12.270s] -- Installing: /home/antwoor/stankin/ros_seminars_ws/seminar_3/install/seminar_3/share/seminar_3/local_setup.zsh
[12.270s] -- Installing: /home/antwoor/stankin/ros_seminars_ws/seminar_3/install/seminar_3/share/seminar_3/local_setup.dsv
[12.270s] -- Installing: /home/antwoor/stankin/ros_seminars_ws/seminar_3/install/seminar_3/share/seminar_3/package.dsv
[12.270s] -- Installing: /home/antwoor/stankin/ros_seminars_ws/seminar_3/install/seminar_3/share/ament_index/resource_index/packages/seminar_3
[12.271s] -- Installing: /home/antwoor/stankin/ros_seminars_ws/seminar_3/install/seminar_3/share/seminar_3/cmake/seminar_3Config.cmake
[12.271s] -- Installing: /home/antwoor/stankin/ros_seminars_ws/seminar_3/install/seminar_3/share/seminar_3/cmake/seminar_3Config-version.cmake
[12.271s] -- Installing: /home/antwoor/stankin/ros_seminars_ws/seminar_3/install/seminar_3/share/seminar_3/package.xml
[12.294s] Invoked command in '/home/antwoor/stankin/ros_seminars_ws/seminar_3/build/seminar_3' returned '0': CMAKE_PREFIX_PATH=/opt/ros/humble CONDA_PROMPT_MODIFIER=(base) /home/antwoor/.local/bin/cmake --install /home/antwoor/stankin/ros_seminars_ws/seminar_3/build/seminar_3
