[0.129s] DEBUG:colcon:Command line arguments: ['/usr/bin/colcon', 'build']
[0.129s] DEBUG:colcon:Parsed command line arguments: Namespace(log_base=None, log_level=None, verb_name='build', build_base='build', install_base='install', merge_install=False, symlink_install=False, test_result_base=None, continue_on_error=False, executor='parallel', parallel_workers=8, event_handlers=None, ignore_user_meta=False, metas=['./colcon.meta'], base_paths=['.'], packages_ignore=None, packages_ignore_regex=None, paths=None, packages_up_to=None, packages_up_to_regex=None, packages_above=None, packages_above_and_dependencies=None, packages_above_depth=None, packages_select_by_dep=None, packages_skip_by_dep=None, packages_skip_up_to=None, packages_select_build_failed=False, packages_skip_build_finished=False, packages_select_test_failures=False, packages_skip_test_passed=False, packages_select=None, packages_skip=None, packages_select_regex=None, packages_skip_regex=None, packages_start=None, packages_end=None, allow_overriding=[], cmake_args=None, cmake_target=None, cmake_target_skip_unavailable=False, cmake_clean_cache=False, cmake_clean_first=False, cmake_force_configure=False, ament_cmake_args=None, catkin_cmake_args=None, catkin_skip_building_tests=False, mixin_files=None, mixin=None, verb_parser=<colcon_mixin.mixin.mixin_argument.MixinArgumentDecorator object at 0x7f6a4ff3b940>, verb_extension=<colcon_core.verb.build.BuildVerb object at 0x7f6a4ff3ace0>, main=<bound method BuildVerb.main of <colcon_core.verb.build.BuildVerb object at 0x7f6a4ff3ace0>>, mixin_verb=('build',))
[0.351s] Level 1:colcon.colcon_core.package_discovery:discover_packages(colcon_meta) check parameters
[0.352s] Level 1:colcon.colcon_core.package_discovery:discover_packages(recursive) check parameters
[0.352s] Level 1:colcon.colcon_core.package_discovery:discover_packages(ignore) check parameters
[0.352s] Level 1:colcon.colcon_core.package_discovery:discover_packages(path) check parameters
[0.352s] Level 1:colcon.colcon_core.package_discovery:discover_packages(colcon_meta) discover
[0.352s] Level 1:colcon.colcon_core.package_discovery:discover_packages(recursive) discover
[0.352s] INFO:colcon.colcon_core.package_discovery:Crawling recursively for packages in '/home/antwoor/stankin/ros_seminars_ws/seminar_3'
[0.352s] Level 1:colcon.colcon_core.package_identification:_identify(.) by extensions ['ignore', 'ignore_ament_install']
[0.352s] Level 1:colcon.colcon_core.package_identification:_identify(.) by extension 'ignore'
[0.352s] Level 1:colcon.colcon_core.package_identification:_identify(.) by extension 'ignore_ament_install'
[0.352s] Level 1:colcon.colcon_core.package_identification:_identify(.) by extensions ['colcon_pkg']
[0.352s] Level 1:colcon.colcon_core.package_identification:_identify(.) by extension 'colcon_pkg'
[0.352s] Level 1:colcon.colcon_core.package_identification:_identify(.) by extensions ['colcon_meta']
[0.352s] Level 1:colcon.colcon_core.package_identification:_identify(.) by extension 'colcon_meta'
[0.352s] Level 1:colcon.colcon_core.package_identification:_identify(.) by extensions ['ros']
[0.352s] Level 1:colcon.colcon_core.package_identification:_identify(.) by extension 'ros'
[0.374s] DEBUG:colcon.colcon_core.package_identification:Package '.' with type 'ros.ament_cmake' and name 'seminar_3'
[0.374s] Level 1:colcon.colcon_core.package_discovery:discover_packages(recursive) using defaults
[0.374s] Level 1:colcon.colcon_core.package_discovery:discover_packages(ignore) discover
[0.374s] Level 1:colcon.colcon_core.package_discovery:discover_packages(ignore) using defaults
[0.374s] Level 1:colcon.colcon_core.package_discovery:discover_packages(path) discover
[0.374s] Level 1:colcon.colcon_core.package_discovery:discover_packages(path) using defaults
[0.415s] Level 1:colcon.colcon_core.package_discovery:discover_packages(prefix_path) check parameters
[0.415s] Level 1:colcon.colcon_core.package_discovery:discover_packages(prefix_path) discover
[0.418s] DEBUG:colcon.colcon_installed_package_information.package_discovery:Found 341 installed packages in /opt/ros/humble
[0.420s] Level 1:colcon.colcon_core.package_discovery:discover_packages(prefix_path) using defaults
[0.474s] Level 5:colcon.colcon_core.verb:set package 'seminar_3' build argument 'cmake_args' from command line to 'None'
[0.474s] Level 5:colcon.colcon_core.verb:set package 'seminar_3' build argument 'cmake_target' from command line to 'None'
[0.474s] Level 5:colcon.colcon_core.verb:set package 'seminar_3' build argument 'cmake_target_skip_unavailable' from command line to 'False'
[0.474s] Level 5:colcon.colcon_core.verb:set package 'seminar_3' build argument 'cmake_clean_cache' from command line to 'False'
[0.474s] Level 5:colcon.colcon_core.verb:set package 'seminar_3' build argument 'cmake_clean_first' from command line to 'False'
[0.475s] Level 5:colcon.colcon_core.verb:set package 'seminar_3' build argument 'cmake_force_configure' from command line to 'False'
[0.475s] Level 5:colcon.colcon_core.verb:set package 'seminar_3' build argument 'ament_cmake_args' from command line to 'None'
[0.475s] Level 5:colcon.colcon_core.verb:set package 'seminar_3' build argument 'catkin_cmake_args' from command line to 'None'
[0.475s] Level 5:colcon.colcon_core.verb:set package 'seminar_3' build argument 'catkin_skip_building_tests' from command line to 'False'
[0.475s] DEBUG:colcon.colcon_core.verb:Building package 'seminar_3' with the following arguments: {'ament_cmake_args': None, 'build_base': '/home/antwoor/stankin/ros_seminars_ws/seminar_3/build/seminar_3', 'catkin_cmake_args': None, 'catkin_skip_building_tests': False, 'cmake_args': None, 'cmake_clean_cache': False, 'cmake_clean_first': False, 'cmake_force_configure': False, 'cmake_target': None, 'cmake_target_skip_unavailable': False, 'install_base': '/home/antwoor/stankin/ros_seminars_ws/seminar_3/install/seminar_3', 'merge_install': False, 'path': '/home/antwoor/stankin/ros_seminars_ws/seminar_3', 'symlink_install': False, 'test_result_base': None}
[0.475s] INFO:colcon.colcon_core.executor:Executing jobs using 'parallel' executor
[0.476s] DEBUG:colcon.colcon_parallel_executor.executor.parallel:run_until_complete
[0.477s] INFO:colcon.colcon_ros.task.ament_cmake.build:Building ROS package in '/home/antwoor/stankin/ros_seminars_ws/seminar_3' with build type 'ament_cmake'
[0.477s] INFO:colcon.colcon_cmake.task.cmake.build:Building CMake package in '/home/antwoor/stankin/ros_seminars_ws/seminar_3'
[0.479s] INFO:colcon.colcon_core.plugin_system:Skipping extension 'colcon_core.shell.bat': Not used on non-Windows systems
[0.480s] INFO:colcon.colcon_core.shell:Skip shell extension 'powershell' for command environment: Not usable outside of PowerShell
[0.480s] DEBUG:colcon.colcon_core.shell:Skip shell extension 'dsv' for command environment
[0.493s] DEBUG:colcon.colcon_core.event_handler.log_command:Invoking command in '/home/antwoor/stankin/ros_seminars_ws/seminar_3/build/seminar_3': CMAKE_PREFIX_PATH=/opt/ros/humble CONDA_PROMPT_MODIFIER=(base) /home/antwoor/.local/bin/cmake /home/antwoor/stankin/ros_seminars_ws/seminar_3 -DCMAKE_INSTALL_PREFIX=/home/antwoor/stankin/ros_seminars_ws/seminar_3/install/seminar_3
[2.327s] DEBUG:colcon.colcon_core.event_handler.log_command:Invoked command in '/home/antwoor/stankin/ros_seminars_ws/seminar_3/build/seminar_3' returned '0': CMAKE_PREFIX_PATH=/opt/ros/humble CONDA_PROMPT_MODIFIER=(base) /home/antwoor/.local/bin/cmake /home/antwoor/stankin/ros_seminars_ws/seminar_3 -DCMAKE_INSTALL_PREFIX=/home/antwoor/stankin/ros_seminars_ws/seminar_3/install/seminar_3
[2.331s] DEBUG:colcon.colcon_core.event_handler.log_command:Invoking command in '/home/antwoor/stankin/ros_seminars_ws/seminar_3/build/seminar_3': CMAKE_PREFIX_PATH=/opt/ros/humble CONDA_PROMPT_MODIFIER=(base) /home/antwoor/.local/bin/cmake --build /home/antwoor/stankin/ros_seminars_ws/seminar_3/build/seminar_3 -- -j8 -l8
[12.337s] DEBUG:colcon.colcon_core.event_handler.log_command:Invoked command in '/home/antwoor/stankin/ros_seminars_ws/seminar_3/build/seminar_3' returned '0': CMAKE_PREFIX_PATH=/opt/ros/humble CONDA_PROMPT_MODIFIER=(base) /home/antwoor/.local/bin/cmake --build /home/antwoor/stankin/ros_seminars_ws/seminar_3/build/seminar_3 -- -j8 -l8
[12.645s] DEBUG:colcon.colcon_core.event_handler.log_command:Invoking command in '/home/antwoor/stankin/ros_seminars_ws/seminar_3/build/seminar_3': CMAKE_PREFIX_PATH=/opt/ros/humble CONDA_PROMPT_MODIFIER=(base) /home/antwoor/.local/bin/cmake --install /home/antwoor/stankin/ros_seminars_ws/seminar_3/build/seminar_3
[12.770s] Level 1:colcon.colcon_core.environment:create_environment_scripts_only(seminar_3)
[12.771s] DEBUG:colcon.colcon_core.event_handler.log_command:Invoked command in '/home/antwoor/stankin/ros_seminars_ws/seminar_3/build/seminar_3' returned '0': CMAKE_PREFIX_PATH=/opt/ros/humble CONDA_PROMPT_MODIFIER=(base) /home/antwoor/.local/bin/cmake --install /home/antwoor/stankin/ros_seminars_ws/seminar_3/build/seminar_3
[12.776s] Level 1:colcon.colcon_core.environment:checking '/home/antwoor/stankin/ros_seminars_ws/seminar_3/install/seminar_3' for CMake module files
[12.778s] Level 1:colcon.colcon_core.environment:checking '/home/antwoor/stankin/ros_seminars_ws/seminar_3/install/seminar_3' for CMake config files
[12.778s] Level 1:colcon.colcon_core.shell:create_environment_hook('seminar_3', 'cmake_prefix_path')
[12.779s] INFO:colcon.colcon_core.shell:Creating environment hook '/home/antwoor/stankin/ros_seminars_ws/seminar_3/install/seminar_3/share/seminar_3/hook/cmake_prefix_path.ps1'
[12.781s] INFO:colcon.colcon_core.shell:Creating environment descriptor '/home/antwoor/stankin/ros_seminars_ws/seminar_3/install/seminar_3/share/seminar_3/hook/cmake_prefix_path.dsv'
[12.782s] INFO:colcon.colcon_core.shell:Creating environment hook '/home/antwoor/stankin/ros_seminars_ws/seminar_3/install/seminar_3/share/seminar_3/hook/cmake_prefix_path.sh'
[12.784s] Level 1:colcon.colcon_core.environment:checking '/home/antwoor/stankin/ros_seminars_ws/seminar_3/install/seminar_3/lib'
[12.785s] Level 1:colcon.colcon_core.environment:checking '/home/antwoor/stankin/ros_seminars_ws/seminar_3/install/seminar_3/bin'
[12.785s] Level 1:colcon.colcon_core.environment:checking '/home/antwoor/stankin/ros_seminars_ws/seminar_3/install/seminar_3/lib/pkgconfig/seminar_3.pc'
[12.786s] Level 1:colcon.colcon_core.environment:checking '/home/antwoor/stankin/ros_seminars_ws/seminar_3/install/seminar_3/lib/python3.10/site-packages'
[12.786s] Level 1:colcon.colcon_core.environment:checking '/home/antwoor/stankin/ros_seminars_ws/seminar_3/install/seminar_3/bin'
[12.787s] INFO:colcon.colcon_core.shell:Creating package script '/home/antwoor/stankin/ros_seminars_ws/seminar_3/install/seminar_3/share/seminar_3/package.ps1'
[12.789s] INFO:colcon.colcon_core.shell:Creating package descriptor '/home/antwoor/stankin/ros_seminars_ws/seminar_3/install/seminar_3/share/seminar_3/package.dsv'
[12.790s] INFO:colcon.colcon_core.shell:Creating package script '/home/antwoor/stankin/ros_seminars_ws/seminar_3/install/seminar_3/share/seminar_3/package.sh'
[12.792s] INFO:colcon.colcon_core.shell:Creating package script '/home/antwoor/stankin/ros_seminars_ws/seminar_3/install/seminar_3/share/seminar_3/package.bash'
[12.794s] INFO:colcon.colcon_core.shell:Creating package script '/home/antwoor/stankin/ros_seminars_ws/seminar_3/install/seminar_3/share/seminar_3/package.zsh'
[12.795s] Level 1:colcon.colcon_core.environment:create_file_with_runtime_dependencies(/home/antwoor/stankin/ros_seminars_ws/seminar_3/install/seminar_3/share/colcon-core/packages/seminar_3)
[12.993s] Level 1:colcon.colcon_core.environment:create_environment_scripts_only(seminar_3)
[12.994s] Level 1:colcon.colcon_core.environment:checking '/home/antwoor/stankin/ros_seminars_ws/seminar_3/install/seminar_3' for CMake module files
[12.995s] Level 1:colcon.colcon_core.environment:checking '/home/antwoor/stankin/ros_seminars_ws/seminar_3/install/seminar_3' for CMake config files
[12.996s] Level 1:colcon.colcon_core.shell:create_environment_hook('seminar_3', 'cmake_prefix_path')
[12.997s] INFO:colcon.colcon_core.shell:Creating environment hook '/home/antwoor/stankin/ros_seminars_ws/seminar_3/install/seminar_3/share/seminar_3/hook/cmake_prefix_path.ps1'
[12.998s] INFO:colcon.colcon_core.shell:Creating environment descriptor '/home/antwoor/stankin/ros_seminars_ws/seminar_3/install/seminar_3/share/seminar_3/hook/cmake_prefix_path.dsv'
[12.998s] INFO:colcon.colcon_core.shell:Creating environment hook '/home/antwoor/stankin/ros_seminars_ws/seminar_3/install/seminar_3/share/seminar_3/hook/cmake_prefix_path.sh'
[12.999s] Level 1:colcon.colcon_core.environment:checking '/home/antwoor/stankin/ros_seminars_ws/seminar_3/install/seminar_3/lib'
[12.999s] Level 1:colcon.colcon_core.environment:checking '/home/antwoor/stankin/ros_seminars_ws/seminar_3/install/seminar_3/bin'
[12.999s] Level 1:colcon.colcon_core.environment:checking '/home/antwoor/stankin/ros_seminars_ws/seminar_3/install/seminar_3/lib/pkgconfig/seminar_3.pc'
[13.000s] Level 1:colcon.colcon_core.environment:checking '/home/antwoor/stankin/ros_seminars_ws/seminar_3/install/seminar_3/lib/python3.10/site-packages'
[13.000s] Level 1:colcon.colcon_core.environment:checking '/home/antwoor/stankin/ros_seminars_ws/seminar_3/install/seminar_3/bin'
[13.000s] INFO:colcon.colcon_core.shell:Creating package script '/home/antwoor/stankin/ros_seminars_ws/seminar_3/install/seminar_3/share/seminar_3/package.ps1'
[13.001s] INFO:colcon.colcon_core.shell:Creating package descriptor '/home/antwoor/stankin/ros_seminars_ws/seminar_3/install/seminar_3/share/seminar_3/package.dsv'
[13.002s] INFO:colcon.colcon_core.shell:Creating package script '/home/antwoor/stankin/ros_seminars_ws/seminar_3/install/seminar_3/share/seminar_3/package.sh'
[13.002s] INFO:colcon.colcon_core.shell:Creating package script '/home/antwoor/stankin/ros_seminars_ws/seminar_3/install/seminar_3/share/seminar_3/package.bash'
[13.003s] INFO:colcon.colcon_core.shell:Creating package script '/home/antwoor/stankin/ros_seminars_ws/seminar_3/install/seminar_3/share/seminar_3/package.zsh'
[13.004s] Level 1:colcon.colcon_core.environment:create_file_with_runtime_dependencies(/home/antwoor/stankin/ros_seminars_ws/seminar_3/install/seminar_3/share/colcon-core/packages/seminar_3)
[13.004s] DEBUG:colcon.colcon_parallel_executor.executor.parallel:closing loop
[13.004s] DEBUG:colcon.colcon_parallel_executor.executor.parallel:loop closed
[13.004s] DEBUG:colcon.colcon_parallel_executor.executor.parallel:run_until_complete finished with '0'
[13.005s] DEBUG:colcon.colcon_core.event_reactor:joining thread
[13.011s] INFO:colcon.colcon_core.plugin_system:Skipping extension 'colcon_notification.desktop_notification.terminal_notifier': Not used on non-Darwin systems
[13.011s] INFO:colcon.colcon_core.plugin_system:Skipping extension 'colcon_notification.desktop_notification.win32': Not used on non-Windows systems
[13.011s] INFO:colcon.colcon_notification.desktop_notification:Sending desktop notification using 'notify2'
[13.044s] DEBUG:colcon.colcon_core.event_reactor:joined thread
[13.045s] INFO:colcon.colcon_core.shell:Creating prefix script '/home/antwoor/stankin/ros_seminars_ws/seminar_3/install/local_setup.ps1'
[13.047s] INFO:colcon.colcon_core.shell:Creating prefix util module '/home/antwoor/stankin/ros_seminars_ws/seminar_3/install/_local_setup_util_ps1.py'
[13.049s] INFO:colcon.colcon_core.shell:Creating prefix chain script '/home/antwoor/stankin/ros_seminars_ws/seminar_3/install/setup.ps1'
[13.051s] INFO:colcon.colcon_core.shell:Creating prefix script '/home/antwoor/stankin/ros_seminars_ws/seminar_3/install/local_setup.sh'
[13.053s] INFO:colcon.colcon_core.shell:Creating prefix util module '/home/antwoor/stankin/ros_seminars_ws/seminar_3/install/_local_setup_util_sh.py'
[13.054s] INFO:colcon.colcon_core.shell:Creating prefix chain script '/home/antwoor/stankin/ros_seminars_ws/seminar_3/install/setup.sh'
[13.057s] INFO:colcon.colcon_core.shell:Creating prefix script '/home/antwoor/stankin/ros_seminars_ws/seminar_3/install/local_setup.bash'
[13.058s] INFO:colcon.colcon_core.shell:Creating prefix chain script '/home/antwoor/stankin/ros_seminars_ws/seminar_3/install/setup.bash'
[13.060s] INFO:colcon.colcon_core.shell:Creating prefix script '/home/antwoor/stankin/ros_seminars_ws/seminar_3/install/local_setup.zsh'
[13.061s] INFO:colcon.colcon_core.shell:Creating prefix chain script '/home/antwoor/stankin/ros_seminars_ws/seminar_3/install/setup.zsh'
