[0.326s] DEBUG:colcon:Command line arguments: ['/usr/bin/colcon', 'build']
[0.326s] DEBUG:colcon:Parsed command line arguments: Namespace(log_base=None, log_level=None, verb_name='build', build_base='build', install_base='install', merge_install=False, symlink_install=False, test_result_base=None, continue_on_error=False, executor='parallel', parallel_workers=8, event_handlers=None, ignore_user_meta=False, metas=['./colcon.meta'], base_paths=['.'], packages_ignore=None, packages_ignore_regex=None, paths=None, packages_up_to=None, packages_up_to_regex=None, packages_above=None, packages_above_and_dependencies=None, packages_above_depth=None, packages_select_by_dep=None, packages_skip_by_dep=None, packages_skip_up_to=None, packages_select_build_failed=False, packages_skip_build_finished=False, packages_select_test_failures=False, packages_skip_test_passed=False, packages_select=None, packages_skip=None, packages_select_regex=None, packages_skip_regex=None, packages_start=None, packages_end=None, allow_overriding=[], cmake_args=None, cmake_target=None, cmake_target_skip_unavailable=False, cmake_clean_cache=False, cmake_clean_first=False, cmake_force_configure=False, ament_cmake_args=None, catkin_cmake_args=None, catkin_skip_building_tests=False, mixin_files=None, mixin=None, verb_parser=<colcon_mixin.mixin.mixin_argument.MixinArgumentDecorator object at 0x7700bc163940>, verb_extension=<colcon_core.verb.build.BuildVerb object at 0x7700bc162ce0>, main=<bound method BuildVerb.main of <colcon_core.verb.build.BuildVerb object at 0x7700bc162ce0>>, mixin_verb=('build',))
[0.680s] Level 1:colcon.colcon_core.package_discovery:discover_packages(colcon_meta) check parameters
[0.680s] Level 1:colcon.colcon_core.package_discovery:discover_packages(recursive) check parameters
[0.680s] Level 1:colcon.colcon_core.package_discovery:discover_packages(ignore) check parameters
[0.680s] Level 1:colcon.colcon_core.package_discovery:discover_packages(path) check parameters
[0.680s] Level 1:colcon.colcon_core.package_discovery:discover_packages(colcon_meta) discover
[0.680s] Level 1:colcon.colcon_core.package_discovery:discover_packages(recursive) discover
[0.680s] INFO:colcon.colcon_core.package_discovery:Crawling recursively for packages in '/home/antwoor/stankin/ros_seminars_ws/seminar_3'
[0.680s] Level 1:colcon.colcon_core.package_identification:_identify(.) by extensions ['ignore', 'ignore_ament_install']
[0.680s] Level 1:colcon.colcon_core.package_identification:_identify(.) by extension 'ignore'
[0.680s] Level 1:colcon.colcon_core.package_identification:_identify(.) by extension 'ignore_ament_install'
[0.680s] Level 1:colcon.colcon_core.package_identification:_identify(.) by extensions ['colcon_pkg']
[0.680s] Level 1:colcon.colcon_core.package_identification:_identify(.) by extension 'colcon_pkg'
[0.680s] Level 1:colcon.colcon_core.package_identification:_identify(.) by extensions ['colcon_meta']
[0.680s] Level 1:colcon.colcon_core.package_identification:_identify(.) by extension 'colcon_meta'
[0.680s] Level 1:colcon.colcon_core.package_identification:_identify(.) by extensions ['ros']
[0.680s] Level 1:colcon.colcon_core.package_identification:_identify(.) by extension 'ros'
[0.702s] DEBUG:colcon.colcon_core.package_identification:Package '.' with type 'ros.ament_cmake' and name 'Seminar_3'
[0.702s] Level 1:colcon.colcon_core.package_discovery:discover_packages(recursive) using defaults
[0.702s] Level 1:colcon.colcon_core.package_discovery:discover_packages(ignore) discover
[0.702s] Level 1:colcon.colcon_core.package_discovery:discover_packages(ignore) using defaults
[0.702s] Level 1:colcon.colcon_core.package_discovery:discover_packages(path) discover
[0.702s] Level 1:colcon.colcon_core.package_discovery:discover_packages(path) using defaults
[0.752s] Level 1:colcon.colcon_core.package_discovery:discover_packages(prefix_path) check parameters
[0.752s] Level 1:colcon.colcon_core.package_discovery:discover_packages(prefix_path) discover
[0.757s] DEBUG:colcon.colcon_installed_package_information.package_discovery:Found 341 installed packages in /opt/ros/humble
[0.759s] Level 1:colcon.colcon_core.package_discovery:discover_packages(prefix_path) using defaults
[0.808s] Level 5:colcon.colcon_core.verb:set package 'Seminar_3' build argument 'cmake_args' from command line to 'None'
[0.808s] Level 5:colcon.colcon_core.verb:set package 'Seminar_3' build argument 'cmake_target' from command line to 'None'
[0.808s] Level 5:colcon.colcon_core.verb:set package 'Seminar_3' build argument 'cmake_target_skip_unavailable' from command line to 'False'
[0.808s] Level 5:colcon.colcon_core.verb:set package 'Seminar_3' build argument 'cmake_clean_cache' from command line to 'False'
[0.808s] Level 5:colcon.colcon_core.verb:set package 'Seminar_3' build argument 'cmake_clean_first' from command line to 'False'
[0.809s] Level 5:colcon.colcon_core.verb:set package 'Seminar_3' build argument 'cmake_force_configure' from command line to 'False'
[0.809s] Level 5:colcon.colcon_core.verb:set package 'Seminar_3' build argument 'ament_cmake_args' from command line to 'None'
[0.809s] Level 5:colcon.colcon_core.verb:set package 'Seminar_3' build argument 'catkin_cmake_args' from command line to 'None'
[0.809s] Level 5:colcon.colcon_core.verb:set package 'Seminar_3' build argument 'catkin_skip_building_tests' from command line to 'False'
[0.809s] DEBUG:colcon.colcon_core.verb:Building package 'Seminar_3' with the following arguments: {'ament_cmake_args': None, 'build_base': '/home/antwoor/stankin/ros_seminars_ws/seminar_3/build/Seminar_3', 'catkin_cmake_args': None, 'catkin_skip_building_tests': False, 'cmake_args': None, 'cmake_clean_cache': False, 'cmake_clean_first': False, 'cmake_force_configure': False, 'cmake_target': None, 'cmake_target_skip_unavailable': False, 'install_base': '/home/antwoor/stankin/ros_seminars_ws/seminar_3/install/Seminar_3', 'merge_install': False, 'path': '/home/antwoor/stankin/ros_seminars_ws/seminar_3', 'symlink_install': False, 'test_result_base': None}
[0.809s] INFO:colcon.colcon_core.executor:Executing jobs using 'parallel' executor
[0.810s] DEBUG:colcon.colcon_parallel_executor.executor.parallel:run_until_complete
[0.810s] INFO:colcon.colcon_ros.task.ament_cmake.build:Building ROS package in '/home/antwoor/stankin/ros_seminars_ws/seminar_3' with build type 'ament_cmake'
[0.810s] INFO:colcon.colcon_cmake.task.cmake.build:Building CMake package in '/home/antwoor/stankin/ros_seminars_ws/seminar_3'
[0.816s] INFO:colcon.colcon_core.plugin_system:Skipping extension 'colcon_core.shell.bat': Not used on non-Windows systems
[0.816s] INFO:colcon.colcon_core.shell:Skip shell extension 'powershell' for command environment: Not usable outside of PowerShell
[0.816s] DEBUG:colcon.colcon_core.shell:Skip shell extension 'dsv' for command environment
[0.829s] DEBUG:colcon.colcon_core.event_handler.log_command:Invoking command in '/home/antwoor/stankin/ros_seminars_ws/seminar_3/build/Seminar_3': CMAKE_PREFIX_PATH=/opt/ros/humble CONDA_PROMPT_MODIFIER=(base) /home/antwoor/.local/bin/cmake /home/antwoor/stankin/ros_seminars_ws/seminar_3 -DCMAKE_INSTALL_PREFIX=/home/antwoor/stankin/ros_seminars_ws/seminar_3/install/Seminar_3
[3.221s] DEBUG:colcon.colcon_core.event_handler.log_command:Invoked command in '/home/antwoor/stankin/ros_seminars_ws/seminar_3/build/Seminar_3' returned '1': CMAKE_PREFIX_PATH=/opt/ros/humble CONDA_PROMPT_MODIFIER=(base) /home/antwoor/.local/bin/cmake /home/antwoor/stankin/ros_seminars_ws/seminar_3 -DCMAKE_INSTALL_PREFIX=/home/antwoor/stankin/ros_seminars_ws/seminar_3/install/Seminar_3
[3.336s] Level 1:colcon.colcon_core.environment:create_environment_scripts_only(Seminar_3)
[3.347s] Level 1:colcon.colcon_core.environment:checking '/home/antwoor/stankin/ros_seminars_ws/seminar_3/install/Seminar_3' for CMake module files
[3.348s] Level 1:colcon.colcon_core.environment:checking '/home/antwoor/stankin/ros_seminars_ws/seminar_3/install/Seminar_3' for CMake config files
[3.349s] Level 1:colcon.colcon_core.environment:checking '/home/antwoor/stankin/ros_seminars_ws/seminar_3/install/Seminar_3/bin'
[3.349s] Level 1:colcon.colcon_core.environment:checking '/home/antwoor/stankin/ros_seminars_ws/seminar_3/install/Seminar_3/lib/pkgconfig/Seminar_3.pc'
[3.350s] Level 1:colcon.colcon_core.environment:checking '/home/antwoor/stankin/ros_seminars_ws/seminar_3/install/Seminar_3/lib/python3.10/site-packages'
[3.350s] Level 1:colcon.colcon_core.environment:checking '/home/antwoor/stankin/ros_seminars_ws/seminar_3/install/Seminar_3/bin'
[3.351s] INFO:colcon.colcon_core.shell:Creating package script '/home/antwoor/stankin/ros_seminars_ws/seminar_3/install/Seminar_3/share/Seminar_3/package.ps1'
[3.354s] INFO:colcon.colcon_core.shell:Creating package descriptor '/home/antwoor/stankin/ros_seminars_ws/seminar_3/install/Seminar_3/share/Seminar_3/package.dsv'
[3.355s] INFO:colcon.colcon_core.shell:Creating package script '/home/antwoor/stankin/ros_seminars_ws/seminar_3/install/Seminar_3/share/Seminar_3/package.sh'
[3.357s] INFO:colcon.colcon_core.shell:Creating package script '/home/antwoor/stankin/ros_seminars_ws/seminar_3/install/Seminar_3/share/Seminar_3/package.bash'
[3.360s] INFO:colcon.colcon_core.shell:Creating package script '/home/antwoor/stankin/ros_seminars_ws/seminar_3/install/Seminar_3/share/Seminar_3/package.zsh'
[3.362s] Level 1:colcon.colcon_core.environment:create_file_with_runtime_dependencies(/home/antwoor/stankin/ros_seminars_ws/seminar_3/install/Seminar_3/share/colcon-core/packages/Seminar_3)
[3.373s] DEBUG:colcon.colcon_parallel_executor.executor.parallel:closing loop
[3.373s] DEBUG:colcon.colcon_parallel_executor.executor.parallel:loop closed
[3.374s] DEBUG:colcon.colcon_parallel_executor.executor.parallel:run_until_complete finished with '1'
[3.374s] DEBUG:colcon.colcon_core.event_reactor:joining thread
[3.390s] INFO:colcon.colcon_core.plugin_system:Skipping extension 'colcon_notification.desktop_notification.terminal_notifier': Not used on non-Darwin systems
[3.390s] INFO:colcon.colcon_core.plugin_system:Skipping extension 'colcon_notification.desktop_notification.win32': Not used on non-Windows systems
[3.390s] INFO:colcon.colcon_notification.desktop_notification:Sending desktop notification using 'notify2'
[3.428s] DEBUG:colcon.colcon_core.event_reactor:joined thread
[3.429s] INFO:colcon.colcon_core.shell:Creating prefix script '/home/antwoor/stankin/ros_seminars_ws/seminar_3/install/local_setup.ps1'
[3.431s] INFO:colcon.colcon_core.shell:Creating prefix util module '/home/antwoor/stankin/ros_seminars_ws/seminar_3/install/_local_setup_util_ps1.py'
[3.435s] INFO:colcon.colcon_core.shell:Creating prefix chain script '/home/antwoor/stankin/ros_seminars_ws/seminar_3/install/setup.ps1'
[3.439s] INFO:colcon.colcon_core.shell:Creating prefix script '/home/antwoor/stankin/ros_seminars_ws/seminar_3/install/local_setup.sh'
[3.440s] INFO:colcon.colcon_core.shell:Creating prefix util module '/home/antwoor/stankin/ros_seminars_ws/seminar_3/install/_local_setup_util_sh.py'
[3.442s] INFO:colcon.colcon_core.shell:Creating prefix chain script '/home/antwoor/stankin/ros_seminars_ws/seminar_3/install/setup.sh'
[3.445s] INFO:colcon.colcon_core.shell:Creating prefix script '/home/antwoor/stankin/ros_seminars_ws/seminar_3/install/local_setup.bash'
[3.447s] INFO:colcon.colcon_core.shell:Creating prefix chain script '/home/antwoor/stankin/ros_seminars_ws/seminar_3/install/setup.bash'
[3.450s] INFO:colcon.colcon_core.shell:Creating prefix script '/home/antwoor/stankin/ros_seminars_ws/seminar_3/install/local_setup.zsh'
[3.452s] INFO:colcon.colcon_core.shell:Creating prefix chain script '/home/antwoor/stankin/ros_seminars_ws/seminar_3/install/setup.zsh'
